16:01:43.329 [main] INFO  com.cs.BookstoreApplication - Starting BookstoreApplication on smi1e丶 with PID 15644 (C:\Users\Administrator\Desktop\bookstore\target\classes started by smile丶 in C:\Users\Administrator\Desktop\bookstore)
16:01:43.429 [main] INFO  com.cs.BookstoreApplication - No active profile set, falling back to default profiles: default
16:01:44.953 [main] INFO  org.apache.coyote.http11.Http11NioProtocol - Initializing ProtocolHandler ["http-nio-80"]
16:01:44.963 [main] INFO  org.apache.catalina.core.StandardService - Starting service [Tomcat]
16:01:44.964 [main] INFO  org.apache.catalina.core.StandardEngine - Starting Servlet engine: [Apache Tomcat/9.0.19]
16:01:45.091 [main] INFO  org.apache.catalina.core.ContainerBase.[Tomcat].[localhost].[/] - Initializing Spring embedded WebApplicationContext
16:01:45.570 [main] INFO  org.apache.coyote.http11.Http11NioProtocol - Starting ProtocolHandler ["http-nio-80"]
16:01:45.603 [main] INFO  com.cs.BookstoreApplication - Started BookstoreApplication in 3.165 seconds (JVM running for 6.758)
16:48:57.811 [main] INFO  com.cs.BookstoreApplication - Starting BookstoreApplication on smi1e丶 with PID 8008 (C:\Users\Administrator\Desktop\bookstore\target\classes started by smile丶 in C:\Users\Administrator\Desktop\bookstore)
16:48:57.818 [main] INFO  com.cs.BookstoreApplication - No active profile set, falling back to default profiles: default
16:48:59.427 [main] INFO  org.apache.coyote.http11.Http11NioProtocol - Initializing ProtocolHandler ["http-nio-80"]
16:48:59.440 [main] INFO  org.apache.catalina.core.StandardService - Starting service [Tomcat]
16:48:59.441 [main] INFO  org.apache.catalina.core.StandardEngine - Starting Servlet engine: [Apache Tomcat/9.0.19]
16:48:59.550 [main] INFO  org.apache.catalina.core.ContainerBase.[Tomcat].[localhost].[/] - Initializing Spring embedded WebApplicationContext
16:48:59.661 [main] INFO  com.alibaba.druid.spring.boot.autoconfigure.DruidDataSourceAutoConfigure - Init DruidDataSource
16:49:01.876 [main] INFO  com.alibaba.druid.pool.DruidDataSource - {dataSource-1} inited
16:49:02.579 [main] INFO  org.apache.coyote.http11.Http11NioProtocol - Starting ProtocolHandler ["http-nio-80"]
16:49:02.611 [main] INFO  com.cs.BookstoreApplication - Started BookstoreApplication in 5.309 seconds (JVM running for 7.713)
16:49:38.804 [http-nio-80-exec-1] INFO  org.apache.catalina.core.ContainerBase.[Tomcat].[localhost].[/] - Initializing Spring DispatcherServlet 'dispatcherServlet'
16:49:40.128 [http-nio-80-exec-1] ERROR org.apache.catalina.core.ContainerBase.[Tomcat].[localhost].[/].[dispatcherServlet] - Servlet.service() for servlet [dispatcherServlet] in context with path [] threw exception [Request processing failed; nested exception is org.springframework.jdbc.BadSqlGrammarException: 
### Error querying database.  Cause: com.mysql.jdbc.exceptions.jdbc4.MySQLSyntaxErrorException: Table 'bookstore.customer' doesn't exist
### The error may exist in com/cs/mapper/UserMapper.java (best guess)
### The error may involve defaultParameterMap
### The error occurred while setting parameters
### SQL: select * from customer
### Cause: com.mysql.jdbc.exceptions.jdbc4.MySQLSyntaxErrorException: Table 'bookstore.customer' doesn't exist
; bad SQL grammar []; nested exception is com.mysql.jdbc.exceptions.jdbc4.MySQLSyntaxErrorException: Table 'bookstore.customer' doesn't exist] with root cause
com.mysql.jdbc.exceptions.jdbc4.MySQLSyntaxErrorException: Table 'bookstore.customer' doesn't exist
	at sun.reflect.NativeConstructorAccessorImpl.newInstance0(Native Method) ~[?:1.8.0_191]
	at sun.reflect.NativeConstructorAccessorImpl.newInstance(NativeConstructorAccessorImpl.java:62) ~[?:1.8.0_191]
	at sun.reflect.DelegatingConstructorAccessorImpl.newInstance(DelegatingConstructorAccessorImpl.java:45) ~[?:1.8.0_191]
	at java.lang.reflect.Constructor.newInstance(Constructor.java:423) ~[?:1.8.0_191]
	at com.mysql.jdbc.Util.handleNewInstance(Util.java:425) ~[mysql-connector-java-5.1.46.jar:5.1.46]
	at com.mysql.jdbc.Util.getInstance(Util.java:408) ~[mysql-connector-java-5.1.46.jar:5.1.46]
	at com.mysql.jdbc.SQLError.createSQLException(SQLError.java:944) ~[mysql-connector-java-5.1.46.jar:5.1.46]
	at com.mysql.jdbc.MysqlIO.checkErrorPacket(MysqlIO.java:3976) ~[mysql-connector-java-5.1.46.jar:5.1.46]
	at com.mysql.jdbc.MysqlIO.checkErrorPacket(MysqlIO.java:3912) ~[mysql-connector-java-5.1.46.jar:5.1.46]
	at com.mysql.jdbc.MysqlIO.sendCommand(MysqlIO.java:2530) ~[mysql-connector-java-5.1.46.jar:5.1.46]
	at com.mysql.jdbc.MysqlIO.sqlQueryDirect(MysqlIO.java:2683) ~[mysql-connector-java-5.1.46.jar:5.1.46]
	at com.mysql.jdbc.ConnectionImpl.execSQL(ConnectionImpl.java:2486) ~[mysql-connector-java-5.1.46.jar:5.1.46]
	at com.mysql.jdbc.PreparedStatement.executeInternal(PreparedStatement.java:1858) ~[mysql-connector-java-5.1.46.jar:5.1.46]
	at com.mysql.jdbc.PreparedStatement.execute(PreparedStatement.java:1197) ~[mysql-connector-java-5.1.46.jar:5.1.46]
	at com.alibaba.druid.filter.FilterChainImpl.preparedStatement_execute(FilterChainImpl.java:3051) ~[druid-1.1.9.jar:1.1.9]
	at com.alibaba.druid.filter.FilterEventAdapter.preparedStatement_execute(FilterEventAdapter.java:440) ~[druid-1.1.9.jar:1.1.9]
	at com.alibaba.druid.filter.FilterChainImpl.preparedStatement_execute(FilterChainImpl.java:3049) ~[druid-1.1.9.jar:1.1.9]
	at com.alibaba.druid.proxy.jdbc.PreparedStatementProxyImpl.execute(PreparedStatementProxyImpl.java:167) ~[druid-1.1.9.jar:1.1.9]
	at com.alibaba.druid.pool.DruidPooledPreparedStatement.execute(DruidPooledPreparedStatement.java:498) ~[druid-1.1.9.jar:1.1.9]
	at org.apache.ibatis.executor.statement.PreparedStatementHandler.query(PreparedStatementHandler.java:63) ~[mybatis-3.4.6.jar:3.4.6]
	at org.apache.ibatis.executor.statement.RoutingStatementHandler.query(RoutingStatementHandler.java:79) ~[mybatis-3.4.6.jar:3.4.6]
	at org.apache.ibatis.executor.SimpleExecutor.doQuery(SimpleExecutor.java:63) ~[mybatis-3.4.6.jar:3.4.6]
	at org.apache.ibatis.executor.BaseExecutor.queryFromDatabase(BaseExecutor.java:326) ~[mybatis-3.4.6.jar:3.4.6]
	at org.apache.ibatis.executor.BaseExecutor.query(BaseExecutor.java:156) ~[mybatis-3.4.6.jar:3.4.6]
	at org.apache.ibatis.executor.CachingExecutor.query(CachingExecutor.java:109) ~[mybatis-3.4.6.jar:3.4.6]
	at org.apache.ibatis.executor.CachingExecutor.query(CachingExecutor.java:83) ~[mybatis-3.4.6.jar:3.4.6]
	at org.apache.ibatis.session.defaults.DefaultSqlSession.selectList(DefaultSqlSession.java:148) ~[mybatis-3.4.6.jar:3.4.6]
	at org.apache.ibatis.session.defaults.DefaultSqlSession.selectList(DefaultSqlSession.java:141) ~[mybatis-3.4.6.jar:3.4.6]
	at sun.reflect.NativeMethodAccessorImpl.invoke0(Native Method) ~[?:1.8.0_191]
	at sun.reflect.NativeMethodAccessorImpl.invoke(NativeMethodAccessorImpl.java:62) ~[?:1.8.0_191]
	at sun.reflect.DelegatingMethodAccessorImpl.invoke(DelegatingMethodAccessorImpl.java:43) ~[?:1.8.0_191]
	at java.lang.reflect.Method.invoke(Method.java:498) ~[?:1.8.0_191]
	at org.mybatis.spring.SqlSessionTemplate$SqlSessionInterceptor.invoke(SqlSessionTemplate.java:433) ~[mybatis-spring-1.3.2.jar:1.3.2]
	at com.sun.proxy.$Proxy75.selectList(Unknown Source) ~[?:?]
	at org.mybatis.spring.SqlSessionTemplate.selectList(SqlSessionTemplate.java:230) ~[mybatis-spring-1.3.2.jar:1.3.2]
	at org.apache.ibatis.binding.MapperMethod.executeForMany(MapperMethod.java:139) ~[mybatis-3.4.6.jar:3.4.6]
	at org.apache.ibatis.binding.MapperMethod.execute(MapperMethod.java:76) ~[mybatis-3.4.6.jar:3.4.6]
	at org.apache.ibatis.binding.MapperProxy.invoke(MapperProxy.java:59) ~[mybatis-3.4.6.jar:3.4.6]
	at com.sun.proxy.$Proxy80.getCustomer(Unknown Source) ~[?:?]
	at com.cs.service.UserService.getCustomer(UserService.java:22) ~[classes/:?]
	at com.cs.controller.UserController.getCustomer(UserController.java:28) ~[classes/:?]
	at sun.reflect.NativeMethodAccessorImpl.invoke0(Native Method) ~[?:1.8.0_191]
	at sun.reflect.NativeMethodAccessorImpl.invoke(NativeMethodAccessorImpl.java:62) ~[?:1.8.0_191]
	at sun.reflect.DelegatingMethodAccessorImpl.invoke(DelegatingMethodAccessorImpl.java:43) ~[?:1.8.0_191]
	at java.lang.reflect.Method.invoke(Method.java:498) ~[?:1.8.0_191]
	at org.springframework.web.method.support.InvocableHandlerMethod.doInvoke(InvocableHandlerMethod.java:190) ~[spring-web-5.1.7.RELEASE.jar:5.1.7.RELEASE]
	at org.springframework.web.method.support.InvocableHandlerMethod.invokeForRequest(InvocableHandlerMethod.java:138) ~[spring-web-5.1.7.RELEASE.jar:5.1.7.RELEASE]
	at org.springframework.web.servlet.mvc.method.annotation.ServletInvocableHandlerMethod.invokeAndHandle(ServletInvocableHandlerMethod.java:104) ~[spring-webmvc-5.1.7.RELEASE.jar:5.1.7.RELEASE]
	at org.springframework.web.servlet.mvc.method.annotation.RequestMappingHandlerAdapter.invokeHandlerMethod(RequestMappingHandlerAdapter.java:892) ~[spring-webmvc-5.1.7.RELEASE.jar:5.1.7.RELEASE]
	at org.springframework.web.servlet.mvc.method.annotation.RequestMappingHandlerAdapter.handleInternal(RequestMappingHandlerAdapter.java:797) ~[spring-webmvc-5.1.7.RELEASE.jar:5.1.7.RELEASE]
	at org.springframework.web.servlet.mvc.method.AbstractHandlerMethodAdapter.handle(AbstractHandlerMethodAdapter.java:87) ~[spring-webmvc-5.1.7.RELEASE.jar:5.1.7.RELEASE]
	at org.springframework.web.servlet.DispatcherServlet.doDispatch(DispatcherServlet.java:1039) ~[spring-webmvc-5.1.7.RELEASE.jar:5.1.7.RELEASE]
	at org.springframework.web.servlet.DispatcherServlet.doService(DispatcherServlet.java:942) ~[spring-webmvc-5.1.7.RELEASE.jar:5.1.7.RELEASE]
	at org.springframework.web.servlet.FrameworkServlet.processRequest(FrameworkServlet.java:1005) ~[spring-webmvc-5.1.7.RELEASE.jar:5.1.7.RELEASE]
	at org.springframework.web.servlet.FrameworkServlet.doGet(FrameworkServlet.java:897) ~[spring-webmvc-5.1.7.RELEASE.jar:5.1.7.RELEASE]
	at javax.servlet.http.HttpServlet.service(HttpServlet.java:634) ~[tomcat-embed-core-9.0.19.jar:9.0.19]
	at org.springframework.web.servlet.FrameworkServlet.service(FrameworkServlet.java:882) ~[spring-webmvc-5.1.7.RELEASE.jar:5.1.7.RELEASE]
	at javax.servlet.http.HttpServlet.service(HttpServlet.java:741) ~[tomcat-embed-core-9.0.19.jar:9.0.19]
	at org.apache.catalina.core.ApplicationFilterChain.internalDoFilter(ApplicationFilterChain.java:231) ~[tomcat-embed-core-9.0.19.jar:9.0.19]
	at org.apache.catalina.core.ApplicationFilterChain.doFilter(ApplicationFilterChain.java:166) ~[tomcat-embed-core-9.0.19.jar:9.0.19]
	at org.apache.tomcat.websocket.server.WsFilter.doFilter(WsFilter.java:53) ~[tomcat-embed-websocket-9.0.19.jar:9.0.19]
	at org.apache.catalina.core.ApplicationFilterChain.internalDoFilter(ApplicationFilterChain.java:193) ~[tomcat-embed-core-9.0.19.jar:9.0.19]
	at org.apache.catalina.core.ApplicationFilterChain.doFilter(ApplicationFilterChain.java:166) ~[tomcat-embed-core-9.0.19.jar:9.0.19]
	at com.alibaba.druid.support.http.WebStatFilter.doFilter(WebStatFilter.java:123) ~[druid-1.1.9.jar:1.1.9]
	at org.apache.catalina.core.ApplicationFilterChain.internalDoFilter(ApplicationFilterChain.java:193) ~[tomcat-embed-core-9.0.19.jar:9.0.19]
	at org.apache.catalina.core.ApplicationFilterChain.doFilter(ApplicationFilterChain.java:166) ~[tomcat-embed-core-9.0.19.jar:9.0.19]
	at org.springframework.web.filter.RequestContextFilter.doFilterInternal(RequestContextFilter.java:99) ~[spring-web-5.1.7.RELEASE.jar:5.1.7.RELEASE]
	at org.springframework.web.filter.OncePerRequestFilter.doFilter(OncePerRequestFilter.java:107) ~[spring-web-5.1.7.RELEASE.jar:5.1.7.RELEASE]
	at org.apache.catalina.core.ApplicationFilterChain.internalDoFilter(ApplicationFilterChain.java:193) ~[tomcat-embed-core-9.0.19.jar:9.0.19]
	at org.apache.catalina.core.ApplicationFilterChain.doFilter(ApplicationFilterChain.java:166) ~[tomcat-embed-core-9.0.19.jar:9.0.19]
	at org.springframework.web.filter.FormContentFilter.doFilterInternal(FormContentFilter.java:92) ~[spring-web-5.1.7.RELEASE.jar:5.1.7.RELEASE]
	at org.springframework.web.filter.OncePerRequestFilter.doFilter(OncePerRequestFilter.java:107) ~[spring-web-5.1.7.RELEASE.jar:5.1.7.RELEASE]
	at org.apache.catalina.core.ApplicationFilterChain.internalDoFilter(ApplicationFilterChain.java:193) ~[tomcat-embed-core-9.0.19.jar:9.0.19]
	at org.apache.catalina.core.ApplicationFilterChain.doFilter(ApplicationFilterChain.java:166) ~[tomcat-embed-core-9.0.19.jar:9.0.19]
	at org.springframework.web.filter.HiddenHttpMethodFilter.doFilterInternal(HiddenHttpMethodFilter.java:93) ~[spring-web-5.1.7.RELEASE.jar:5.1.7.RELEASE]
	at org.springframework.web.filter.OncePerRequestFilter.doFilter(OncePerRequestFilter.java:107) ~[spring-web-5.1.7.RELEASE.jar:5.1.7.RELEASE]
	at org.apache.catalina.core.ApplicationFilterChain.internalDoFilter(ApplicationFilterChain.java:193) ~[tomcat-embed-core-9.0.19.jar:9.0.19]
	at org.apache.catalina.core.ApplicationFilterChain.doFilter(ApplicationFilterChain.java:166) ~[tomcat-embed-core-9.0.19.jar:9.0.19]
	at org.springframework.web.filter.CharacterEncodingFilter.doFilterInternal(CharacterEncodingFilter.java:200) ~[spring-web-5.1.7.RELEASE.jar:5.1.7.RELEASE]
	at org.springframework.web.filter.OncePerRequestFilter.doFilter(OncePerRequestFilter.java:107) ~[spring-web-5.1.7.RELEASE.jar:5.1.7.RELEASE]
	at org.apache.catalina.core.ApplicationFilterChain.internalDoFilter(ApplicationFilterChain.java:193) ~[tomcat-embed-core-9.0.19.jar:9.0.19]
	at org.apache.catalina.core.ApplicationFilterChain.doFilter(ApplicationFilterChain.java:166) ~[tomcat-embed-core-9.0.19.jar:9.0.19]
	at org.apache.catalina.core.StandardWrapperValve.invoke(StandardWrapperValve.java:200) [tomcat-embed-core-9.0.19.jar:9.0.19]
	at org.apache.catalina.core.StandardContextValve.invoke(StandardContextValve.java:96) [tomcat-embed-core-9.0.19.jar:9.0.19]
	at org.apache.catalina.authenticator.AuthenticatorBase.invoke(AuthenticatorBase.java:490) [tomcat-embed-core-9.0.19.jar:9.0.19]
	at org.apache.catalina.core.StandardHostValve.invoke(StandardHostValve.java:139) [tomcat-embed-core-9.0.19.jar:9.0.19]
	at org.apache.catalina.valves.ErrorReportValve.invoke(ErrorReportValve.java:92) [tomcat-embed-core-9.0.19.jar:9.0.19]
	at org.apache.catalina.core.StandardEngineValve.invoke(StandardEngineValve.java:74) [tomcat-embed-core-9.0.19.jar:9.0.19]
	at org.apache.catalina.connector.CoyoteAdapter.service(CoyoteAdapter.java:343) [tomcat-embed-core-9.0.19.jar:9.0.19]
	at org.apache.coyote.http11.Http11Processor.service(Http11Processor.java:408) [tomcat-embed-core-9.0.19.jar:9.0.19]
	at org.apache.coyote.AbstractProcessorLight.process(AbstractProcessorLight.java:66) [tomcat-embed-core-9.0.19.jar:9.0.19]
	at org.apache.coyote.AbstractProtocol$ConnectionHandler.process(AbstractProtocol.java:836) [tomcat-embed-core-9.0.19.jar:9.0.19]
	at org.apache.tomcat.util.net.NioEndpoint$SocketProcessor.doRun(NioEndpoint.java:1747) [tomcat-embed-core-9.0.19.jar:9.0.19]
	at org.apache.tomcat.util.net.SocketProcessorBase.run(SocketProcessorBase.java:49) [tomcat-embed-core-9.0.19.jar:9.0.19]
	at java.util.concurrent.ThreadPoolExecutor.runWorker(ThreadPoolExecutor.java:1149) [?:1.8.0_191]
	at java.util.concurrent.ThreadPoolExecutor$Worker.run(ThreadPoolExecutor.java:624) [?:1.8.0_191]
	at org.apache.tomcat.util.threads.TaskThread$WrappingRunnable.run(TaskThread.java:61) [tomcat-embed-core-9.0.19.jar:9.0.19]
	at java.lang.Thread.run(Thread.java:748) [?:1.8.0_191]
16:50:45.644 [main] INFO  com.cs.BookstoreApplication - Starting BookstoreApplication on smi1e丶 with PID 16796 (C:\Users\Administrator\Desktop\bookstore\target\classes started by smile丶 in C:\Users\Administrator\Desktop\bookstore)
16:50:45.654 [main] INFO  com.cs.BookstoreApplication - No active profile set, falling back to default profiles: default
16:50:47.053 [main] INFO  org.apache.coyote.http11.Http11NioProtocol - Initializing ProtocolHandler ["http-nio-80"]
16:50:47.061 [main] INFO  org.apache.catalina.core.StandardService - Starting service [Tomcat]
16:50:47.062 [main] INFO  org.apache.catalina.core.StandardEngine - Starting Servlet engine: [Apache Tomcat/9.0.19]
16:50:47.170 [main] INFO  org.apache.catalina.core.ContainerBase.[Tomcat].[localhost].[/] - Initializing Spring embedded WebApplicationContext
16:50:47.274 [main] INFO  com.alibaba.druid.spring.boot.autoconfigure.DruidDataSourceAutoConfigure - Init DruidDataSource
16:50:49.140 [main] INFO  com.alibaba.druid.pool.DruidDataSource - {dataSource-1} inited
16:50:49.633 [main] INFO  org.apache.coyote.http11.Http11NioProtocol - Starting ProtocolHandler ["http-nio-80"]
16:50:49.664 [main] INFO  com.cs.BookstoreApplication - Started BookstoreApplication in 4.541 seconds (JVM running for 6.985)
16:50:54.963 [http-nio-80-exec-1] INFO  org.apache.catalina.core.ContainerBase.[Tomcat].[localhost].[/] - Initializing Spring DispatcherServlet 'dispatcherServlet'
16:51:48.596 [main] INFO  com.cs.BookstoreApplication - Starting BookstoreApplication on smi1e丶 with PID 13424 (C:\Users\Administrator\Desktop\bookstore\target\classes started by smile丶 in C:\Users\Administrator\Desktop\bookstore)
16:51:48.607 [main] INFO  com.cs.BookstoreApplication - No active profile set, falling back to default profiles: default
16:51:50.135 [main] INFO  org.apache.coyote.http11.Http11NioProtocol - Initializing ProtocolHandler ["http-nio-80"]
16:51:50.146 [main] INFO  org.apache.catalina.core.StandardService - Starting service [Tomcat]
16:51:50.147 [main] INFO  org.apache.catalina.core.StandardEngine - Starting Servlet engine: [Apache Tomcat/9.0.19]
16:51:50.280 [main] INFO  org.apache.catalina.core.ContainerBase.[Tomcat].[localhost].[/] - Initializing Spring embedded WebApplicationContext
16:51:50.434 [main] INFO  com.alibaba.druid.spring.boot.autoconfigure.DruidDataSourceAutoConfigure - Init DruidDataSource
16:51:52.418 [main] INFO  com.alibaba.druid.pool.DruidDataSource - {dataSource-1} inited
16:51:52.911 [main] INFO  org.apache.coyote.http11.Http11NioProtocol - Starting ProtocolHandler ["http-nio-80"]
16:51:52.941 [main] INFO  com.cs.BookstoreApplication - Started BookstoreApplication in 5.329 seconds (JVM running for 7.721)
16:51:57.170 [http-nio-80-exec-1] INFO  org.apache.catalina.core.ContainerBase.[Tomcat].[localhost].[/] - Initializing Spring DispatcherServlet 'dispatcherServlet'
16:52:59.146 [main] INFO  com.cs.BookstoreApplication - Starting BookstoreApplication on smi1e丶 with PID 17276 (C:\Users\Administrator\Desktop\bookstore\target\classes started by smile丶 in C:\Users\Administrator\Desktop\bookstore)
16:52:59.157 [main] INFO  com.cs.BookstoreApplication - No active profile set, falling back to default profiles: default
16:53:00.418 [main] INFO  org.apache.coyote.http11.Http11NioProtocol - Initializing ProtocolHandler ["http-nio-80"]
16:53:00.427 [main] INFO  org.apache.catalina.core.StandardService - Starting service [Tomcat]
16:53:00.428 [main] INFO  org.apache.catalina.core.StandardEngine - Starting Servlet engine: [Apache Tomcat/9.0.19]
16:53:00.537 [main] INFO  org.apache.catalina.core.ContainerBase.[Tomcat].[localhost].[/] - Initializing Spring embedded WebApplicationContext
16:53:00.640 [main] INFO  com.alibaba.druid.spring.boot.autoconfigure.DruidDataSourceAutoConfigure - Init DruidDataSource
16:53:02.521 [main] INFO  com.alibaba.druid.pool.DruidDataSource - {dataSource-1} inited
16:53:03.001 [main] INFO  org.apache.coyote.http11.Http11NioProtocol - Starting ProtocolHandler ["http-nio-80"]
16:53:03.032 [main] INFO  com.cs.BookstoreApplication - Started BookstoreApplication in 4.548 seconds (JVM running for 6.798)
16:53:06.749 [http-nio-80-exec-1] INFO  org.apache.catalina.core.ContainerBase.[Tomcat].[localhost].[/] - Initializing Spring DispatcherServlet 'dispatcherServlet'
16:53:34.776 [main] INFO  com.cs.BookstoreApplication - Starting BookstoreApplication on smi1e丶 with PID 17180 (C:\Users\Administrator\Desktop\bookstore\target\classes started by smile丶 in C:\Users\Administrator\Desktop\bookstore)
16:53:34.782 [main] INFO  com.cs.BookstoreApplication - No active profile set, falling back to default profiles: default
16:53:35.994 [main] INFO  org.apache.coyote.http11.Http11NioProtocol - Initializing ProtocolHandler ["http-nio-80"]
16:53:36.005 [main] INFO  org.apache.catalina.core.StandardService - Starting service [Tomcat]
16:53:36.006 [main] INFO  org.apache.catalina.core.StandardEngine - Starting Servlet engine: [Apache Tomcat/9.0.19]
16:53:36.153 [main] INFO  org.apache.catalina.core.ContainerBase.[Tomcat].[localhost].[/] - Initializing Spring embedded WebApplicationContext
16:53:36.256 [main] INFO  com.alibaba.druid.spring.boot.autoconfigure.DruidDataSourceAutoConfigure - Init DruidDataSource
16:53:38.180 [main] INFO  com.alibaba.druid.pool.DruidDataSource - {dataSource-1} inited
16:53:38.678 [main] INFO  org.apache.coyote.http11.Http11NioProtocol - Starting ProtocolHandler ["http-nio-80"]
16:53:38.709 [main] INFO  com.cs.BookstoreApplication - Started BookstoreApplication in 4.555 seconds (JVM running for 6.728)
16:53:45.496 [http-nio-80-exec-1] INFO  org.apache.catalina.core.ContainerBase.[Tomcat].[localhost].[/] - Initializing Spring DispatcherServlet 'dispatcherServlet'
16:55:54.325 [main] INFO  com.cs.BookstoreApplication - Starting BookstoreApplication on smi1e丶 with PID 9332 (C:\Users\Administrator\Desktop\bookstore\target\classes started by smile丶 in C:\Users\Administrator\Desktop\bookstore)
16:55:54.392 [main] INFO  com.cs.BookstoreApplication - No active profile set, falling back to default profiles: default
16:55:55.862 [main] INFO  org.apache.coyote.http11.Http11NioProtocol - Initializing ProtocolHandler ["http-nio-80"]
16:55:55.881 [main] INFO  org.apache.catalina.core.StandardService - Starting service [Tomcat]
16:55:55.882 [main] INFO  org.apache.catalina.core.StandardEngine - Starting Servlet engine: [Apache Tomcat/9.0.19]
16:55:56.028 [main] INFO  org.apache.catalina.core.ContainerBase.[Tomcat].[localhost].[/] - Initializing Spring embedded WebApplicationContext
16:55:56.149 [main] INFO  com.alibaba.druid.spring.boot.autoconfigure.DruidDataSourceAutoConfigure - Init DruidDataSource
16:55:58.105 [main] INFO  com.alibaba.druid.pool.DruidDataSource - {dataSource-1} inited
16:55:58.666 [main] INFO  org.apache.coyote.http11.Http11NioProtocol - Starting ProtocolHandler ["http-nio-80"]
16:55:58.696 [main] INFO  com.cs.BookstoreApplication - Started BookstoreApplication in 4.993 seconds (JVM running for 7.399)
16:56:02.208 [http-nio-80-exec-1] INFO  org.apache.catalina.core.ContainerBase.[Tomcat].[localhost].[/] - Initializing Spring DispatcherServlet 'dispatcherServlet'
16:58:40.305 [main] INFO  com.cs.BookstoreApplication - Starting BookstoreApplication on smi1e丶 with PID 600 (C:\Users\Administrator\Desktop\bookstore\target\classes started by smile丶 in C:\Users\Administrator\Desktop\bookstore)
16:58:40.311 [main] INFO  com.cs.BookstoreApplication - No active profile set, falling back to default profiles: default
16:58:41.880 [main] INFO  org.apache.coyote.http11.Http11NioProtocol - Initializing ProtocolHandler ["http-nio-80"]
16:58:41.893 [main] INFO  org.apache.catalina.core.StandardService - Starting service [Tomcat]
16:58:41.902 [main] INFO  org.apache.catalina.core.StandardEngine - Starting Servlet engine: [Apache Tomcat/9.0.19]
16:58:42.252 [main] INFO  org.apache.catalina.core.ContainerBase.[Tomcat].[localhost].[/] - Initializing Spring embedded WebApplicationContext
16:58:42.402 [main] INFO  com.alibaba.druid.spring.boot.autoconfigure.DruidDataSourceAutoConfigure - Init DruidDataSource
16:58:44.363 [main] INFO  com.alibaba.druid.pool.DruidDataSource - {dataSource-1} inited
16:58:44.866 [main] INFO  org.apache.coyote.http11.Http11NioProtocol - Starting ProtocolHandler ["http-nio-80"]
16:58:44.900 [main] INFO  com.cs.BookstoreApplication - Started BookstoreApplication in 5.236 seconds (JVM running for 7.519)
16:58:58.231 [http-nio-80-exec-1] INFO  org.apache.catalina.core.ContainerBase.[Tomcat].[localhost].[/] - Initializing Spring DispatcherServlet 'dispatcherServlet'
